<?xml version="1.0" encoding="UTF-8"?>
<!-- Generated by org.testng.reporters.JUnitReportReporter -->
<testsuite skipped="0" hostname="mayank" name="com.mytest.NotepadTest" tests="1" failures="0" timestamp="27 May 2020 20:54:02 GMT" time="8.235" errors="0">
  <testcase name="enterTimeAndDateTest" time="8.235" classname="com.mytest.NotepadTest"/>
</testsuite> <!-- com.mytest.NotepadTest -->
